1817
2 908
1 155
2 1062
1 320
2 1381
1 22
2 1402
1 27
2 1428
1 70
2 1497
1 170
2 1666
1 115
2 1780
1 13
2 1792
1 117
2 1908
1 130
2 2037
1 102
2 2138
1 214
2 2351
1 541
2 2891
1 105
2 2995
1 58
2 3052
1 82
2 3133
1 188
2 3320
1 70
2 3389
1 101
2 3489
1 52
2 3540
1 57
2 3596
1 306
2 3901
1 19
2 3919
1 83
2 4001
1 118
2 4118
1 116
2 4233
1 4
2 4236
1 98
2 4333
1 116
2 4448
1 30
2 4477
1 24
2 4500
1 13
2 4512
1 20
2 4531
1 138
2 4668
1 13
2 4680
1 92
2 4771
1 4
2 4774
1 147
2 4920
1 14
2 4933
1 3
2 4935
1 30
2 4964
1 138
2 5101
1 28
2 5128
1 51
2 5178
1 210
2 5387
1 349
2 5735
1 28
2 5762
1 9
2 5770
1 111
2 5880
1 58
2 5937
1 153
2 6089
1 31
2 6119
1 16
2 6134
1 8
2 6141
1 82
2 6222
1 78
2 6299
1 70
2 6368
1 60
2 6427
1 172
2 6598
1 8
2 6605
1 42
2 6646
1 117
2 6762
1 1
2 6762
1 18
2 6779
1 100
2 6878
1 411
2 7288
1 36
2 7323
1 102
2 7424
1 111
2 7534
1 334
2 7867
1 45
2 7911
1 87
2 7997
1 102
2 8098
1 48
2 8145
1 142
2 8286
1 24
2 8309
1 314
2 8622
1 32
2 8653
1 115
2 8767
1 55
2 8821
1 548
2 9368
1 74
2 9441
1 149
2 9589
1 14
2 9602
1 201
2 9802
1 120
2 9921
1 260
2 10180
1 56
2 10235
1 8
2 10242
1 22
2 10263
1 12
2 10274
1 218
2 10491
1 36
2 10526
1 251
2 10776
1 83
2 10858
1 428
2 11285
1 50
2 11334
1 21
2 11354
1 36
2 11389
1 89
2 11477
1 28
2 11504
1 18
2 11521
1 284
2 11804
1 24
2 11827
1 6
2 11832
1 69
2 11900
1 51
2 11950
1 300
2 12249
1 70
2 12318
1 40
2 12357
1 112
2 12468
1 92
2 12559
1 378
2 12936
1 18
2 12953
1 10
2 12962
1 134
2 13095
1 96
2 13190
1 130
2 13319
1 78
2 13396
1 42
2 13437
1 22
2 13458
1 83
2 13540
1 230
2 13769
1 95
2 13863
1 20
2 13882
1 105
2 13986
1 35
2 14020
1 67
2 14086
1 341
2 14426
1 32
2 14457
1 70
2 14526
1 3
2 14528
1 439
2 14966
1 167
2 15132
1 147
2 15278
1 84
2 15361
1 153
2 15513
1 208
2 15720
1 95
2 15814
1 2
2 15815
1 72
2 15886
1 8
2 15893
1 30
2 15922
1 32
2 15953
1 28
2 15980
1 208
2 16187
1 19
2 16205
1 395
2 16599
1 53
2 16651
1 187
2 16837
1 392
2 17228
1 85
2 17312
1 128
2 17439
1 104
2 17542
1 219
2 17760
1 211
2 17970
1 77
2 18046
1 553
2 18598
1 79
2 18676
1 48
2 18723
1 4
2 18726
1 18
2 18743
1 2
2 18744
1 138
2 18881
1 32
2 18912
1 22
2 18933
1 128
2 19060
1 6
2 19065
1 87
2 19151
1 67
2 19217
1 18
2 19234
1 150
2 19383
1 897
2 20279
1 122
2 20400
1 53
2 20452
1 110
2 20561
1 4
2 20564
1 178
2 20741
1 108
2 20848
1 10
2 20857
1 16
2 20872
1 209
2 21080
1 237
2 21316
1 44
2 21359
1 20
2 21378
1 184
2 21561
1 0
2 21560
1 177
2 21736
1 3
2 21738
1 49
2 21786
1 196
2 21981
1 127
2 22107
1 14
2 22120
1 15
2 22134
1 9
2 22142
1 46
2 22187
1 8
2 22194
1 230
2 22423
1 101
2 22523
1 57
2 22579
1 9
2 22587
1 21
2 22607
1 226
2 22832
1 32
2 22863
1 96
2 22958
1 132
2 23089
1 14
2 23102
1 8
2 23109
1 70
2 23178
1 82
2 23259
1 18
2 23276
1 238
2 23513
1 36
2 23548
1 84
2 23631
1 90
2 23720
1 218
2 23937
1 126
2 24062
1 146
2 24207
1 63
2 24269
1 266
2 24534
1 123
2 24656
1 230
2 24885
1 110
2 24994
1 19
2 25012
1 149
2 25160
1 10
2 25169
1 72
2 25240
1 33
2 25272
1 427
2 25698
1 65
2 25762
1 225
2 25986
1 76
2 26061
1 38
2 26098
1 40
2 26137
1 82
2 26218
1 147
2 26364
1 227
2 26590
1 0
2 26589
1 119
2 26707
1 111
2 26817
1 100
2 26916
1 120
2 27035
1 215
2 27249
1 63
2 27311
1 312
2 27622
1 128
2 27749
1 53
2 27801
1 144
2 27944
1 207
2 28150
1 173
2 28322
1 12
2 28333
1 4
2 28336
1 95
2 28430
1 264
2 28693
1 42
2 28734
1 25
2 28758
1 29
2 28786
1 129
2 28914
1 47
2 28960
1 37
2 28996
1 43
2 29038
1 423
2 29460
1 1
2 29460
1 4
2 29463
1 39
2 29501
1 151
2 29651
1 8
2 29658
1 278
2 29935
1 24
2 29958
1 0
2 29957
1 76
2 30032
1 11
2 30042
1 104
2 30145
1 59
2 30203
1 420
2 30622
1 30
2 30651
1 110
2 30760
1 66
2 30825
1 268
2 31092
1 86
2 31177
1 142
2 31318
1 91
2 31408
1 113
2 31520
1 8
2 31527
1 60
2 31586
1 92
2 31677
1 250
2 31926
1 42
2 31967
1 289
2 32255
1 23
2 32277
1 10
2 32286
1 104
2 32389
1 66
2 32454
1 173
2 32626
1 38
2 32663
1 104
2 32766
1 125
2 32890
1 140
2 33029
1 72
2 33100
1 43
2 33142
1 111
2 33252
1 506
2 33757
1 174
2 33930
1 174
2 34103
1 17
2 34119
1 70
2 34188
1 194
2 34381
1 317
2 34697
1 212
2 34908
1 10
2 34917
1 7
2 34923
1 3
2 34925
1 190
2 35114
1 56
2 35169
1 80
2 35248
1 60
2 35307
1 274
2 35580
1 269
2 35848
1 250
2 36097
1 21
2 36117
1 410
2 36526
1 52
2 36577
1 84
2 36660
1 67
2 36726
1 2
2 36727
1 259
2 36985
1 391
2 37375
1 17
2 37391
1 58
2 37448
1 29
2 37476
1 35
2 37510
1 26
2 37535
1 238
2 37772
1 245
2 38016
1 77
2 38092
1 34
2 38125
1 47
2 38171
1 172
2 38342
1 35
2 38376
1 32
2 38407
1 295
2 38701
1 449
2 39149
1 58
2 39206
1 8
2 39213
1 280
2 39492
1 400
2 39891
1 176
2 40066
1 24
2 40089
1 196
2 40284
1 2
2 40285
1 42
2 40326
1 52
2 40377
1 12
2 40388
1 10
2 40397
1 28
2 40424
1 80
2 40503
1 108
2 40610
1 30
2 40639
1 210
2 40848
1 20
2 40867
1 40
2 40906
1 80
2 40985
1 104
2 41088
1 85
2 41172
1 36
2 41207
1 309
2 41515
1 16
2 41530
1 21
2 41550
1 77
2 41626
1 207
2 41832
1 37
2 41868
1 228
2 42095
1 60
2 42154
1 220
2 42373
1 101
2 42473
1 72
2 42544
1 15
2 42558
1 68
2 42625
1 234
2 42858
1 10
2 42867
1 30
2 42896
1 78
2 42973
1 400
2 43372
1 17
2 43388
1 103
2 43490
1 86
2 43575
1 46
2 43620
1 32
2 43651
1 26
2 43676
1 24
2 43699
1 54
2 43752
1 212
2 43963
1 178
2 44140
1 166
2 44305
1 53
2 44357
1 563
2 44919
1 12
2 44930
1 110
2 45039
1 238
2 45276
1 11
2 45286
1 71
2 45356
1 50
2 45405
1 40
2 45444
1 60
2 45503
1 70
2 45572
1 37
2 45608
1 277
2 45884
1 10
2 45893
1 153
2 46045
1 118
2 46162
1 13
2 46174
1 146
2 46319
1 370
2 46688
1 31
2 46718
1 18
2 46735
1 185
2 46919
1 12
2 46930
1 18
2 46947
1 64
2 47010
1 173
2 47182
1 41
2 47222
1 64
2 47285
1 47
2 47331
1 27
2 47357
1 266
2 47622
1 100
2 47721
1 46
2 47766
1 164
2 47929
1 105
2 48033
1 121
2 48153
1 8
2 48160
1 56
2 48215
1 618
2 48832
1 22
2 48853
1 58
2 48910
1 34
2 48943
1 14
2 48956
1 33
2 48988
1 1
2 48988
1 85
2 49072
1 167
2 49238
1 84
2 49321
1 4
2 49324
1 217
2 49540
1 90
2 49629
1 137
2 49765
1 20
2 49784
1 104
2 49887
1 128
2 50014
1 40
2 50053
1 120
2 50172
1 7
2 50178
1 250
2 50427
1 41
2 50467
1 6
2 50472
1 44
2 50515
1 0
2 50514
1 69
2 50582
1 83
2 50664
1 200
2 50863
1 192
2 51054
1 60
2 51113
1 20
2 51132
1 38
2 51169
1 12
2 51180
1 37
2 51216
1 68
2 51283
1 21
2 51303
1 6
2 51308
1 7
2 51314
1 20
2 51333
1 151
2 51483
1 32
2 51514
1 4
2 51517
1 300
2 51816
1 58
2 51873
1 101
2 51973
1 41
2 52013
1 54
2 52066
1 158
2 52223
1 244
2 52466
1 64
2 52529
1 63
2 52591
1 49
2 52639
1 446
2 53084
1 140
2 53223
1 183
2 53405
1 26
2 53430
1 176
2 53605
1 157
2 53761
1 120
2 53880
1 41
2 53920
1 40
2 53959
1 669
2 54627
1 66
2 54692
1 69
2 54760
1 17
2 54776
1 39
2 54814
1 26
2 54839
1 89
2 54927
1 227
2 55153
1 87
2 55239
1 14
2 55252
1 99
2 55350
1 14
2 55363
1 59
2 55421
1 36
2 55456
1 24
2 55479
1 55
2 55533
1 35
2 55567
1 50
2 55616
1 107
2 55722
1 200
2 55921
1 134
2 56054
1 67
2 56120
1 224
2 56343
1 36
2 56378
1 32
2 56409
1 45
2 56453
1 67
2 56519
1 34
2 56552
1 86
2 56637
1 164
2 56800
1 176
2 56975
1 68
2 57042
1 27
2 57068
1 283
2 57350
1 65
2 57414
1 103
2 57516
1 98
2 57613
1 4
2 57616
1 82
2 57697
1 43
2 57739
1 68
2 57806
1 151
2 57956
1 146
2 58101
1 178
2 58278
1 9
2 58286
1 121
2 58406
1 75
2 58480
1 53
2 58532
1 26
2 58557
1 8
2 58564
1 336
2 58899
1 468
2 59366
1 124
2 59489
1 296
2 59784
1 80
2 59863
1 37
2 59899
1 29
2 59927
1 474
2 60400
1 783
2 61182
1 57
2 61238
1 56
2 61293
1 319
2 61611
1 136
2 61746
1 89
2 61834
1 8
2 61841
1 28
2 61868
1 0
2 61867
1 350
2 62216
1 48
2 62263
1 57
2 62319
1 1
2 62319
1 104
2 62422
1 35
2 62456
1 175
2 62630
1 65
2 62694
1 335
2 63028
1 60
2 63087
1 350
2 63436
1 9
2 63444
1 41
2 63484
1 274
2 63757
1 6
2 63762
1 386
2 64147
1 16
2 64162
1 27
2 64188
1 261
2 64448
1 25
2 64472
1 102
2 64573
1 99
2 64671
1 76
2 64746
1 108
2 64853
1 490
2 65342
1 28
2 65369
1 8
2 65376
1 200
2 65575
1 16
2 65590
1 193
2 65782
1 49
2 65830
1 108
2 65937
1 279
2 66215
1 69
2 66283
1 2
2 66284
1 174
2 66457
1 196
2 66652
1 78
2 66729
1 148
2 66876
1 432
2 67307
1 284
2 67590
1 130
2 67719
1 706
2 68424
1 160
2 68583
1 10
2 68592
1 94
2 68685
1 69
2 68753
1 267
2 69019
1 169
2 69187
1 40
2 69226
1 48
2 69273
1 198
2 69470
1 55
2 69524
1 58
2 69581
1 386
2 69966
1 12
2 69977
1 16
2 69992
1 208
2 70199
1 54
2 70252
1 51
2 70302
1 237
2 70538
1 4
2 70541
1 32
2 70572
1 22
2 70593
1 80
2 70672
1 72
2 70743
1 83
2 70825
1 301
2 71125
1 34
2 71158
1 15
2 71172
1 65
2 71236
1 18
2 71253
1 142
2 71394
1 40
2 71433
1 208
2 71640
1 87
2 71726
1 117
2 71842
1 220
2 72061
1 200
2 72260
1 146
2 72405
1 165
2 72569
1 31
2 72599
1 289
2 72887
1 3
2 72889
1 6
2 72894
1 216
2 73109
1 24
2 73132
1 22
2 73153
1 1
2 73153
1 113
2 73265
1 259
2 73523
1 29
2 73551
1 464
2 74014
1 25
2 74038
1 175
2 74212
1 26
2 74237
1 12
2 74248
1 32
2 74279
1 42
2 74320
1 4
2 74323
1 73
2 74395
1 21
2 74415
1 146
2 74560
1 36
2 74595
1 46
2 74640
1 226
2 74865
1 44
2 74908
1 330
2 75237
1 46
2 75282
1 86
2 75367
1 40
2 75406
1 14
2 75419
1 6
2 75424
1 50
2 75473
1 30
2 75502
1 12
2 75513
1 288
2 75800
1 116
2 75915
1 223
2 76137
1 104
2 76240
1 57
2 76296
1 98
2 76393
1 72
2 76464
1 50
2 76513
1 10
2 76522
1 2
2 76523
1 18
2 76540
1 40
2 76579
1 44
2 76622
1 1
2 76622
1 35
2 76656
1 130
2 76785
1 113
2 76897
1 275
2 77171
1 42
2 77212
1 20
2 77231
1 19
2 77249
1 241
2 77489
1 9
2 77497
1 76
2 77572
1 155
2 77726
1 100
2 77825
1 175
2 77999
1 25
2 78023
1 180
2 78202
1 176
2 78377
1 202
2 78578
1 166
2 78743
1 6
2 78748
1 156
2 78903
1 12
2 78914
1 6
2 78919
1 12
2 78930
1 45
2 78974
1 480
2 79453
1 40
2 79492
1 373
2 79864
1 125
2 79988
1 77
2 80064
1 114
2 80177
1 134
2 80310
1 64
2 80373
1 8
2 80380
1 60
2 80439
1 362
2 80800
1 8
2 80807
1 158
2 80964
1 39
2 81002
1 34
2 81035
1 71
2 81105
1 48
2 81152
1 300
2 81451
1 214
2 81664
1 114
2 81777
1 7
2 81783
1 39
2 81821
1 66
2 81886
1 54
2 81939
1 302
2 82240
1 78
2 82317
1 6
2 82322
1 114
2 82435
1 50
2 82484
1 44
2 82527
1 253
2 82779
1 461
2 83239
1 30
2 83268
1 101
2 83368
1 1
2 83368
1 155
2 83522
1 99
2 83620
1 56
2 83675
1 80
2 83754
1 328
2 84081
1 120
2 84200
1 1
2 84200
1 46
2 84245
1 21
2 84265
1 114
2 84378
1 74
2 84451
1 115
2 84565
1 32
2 84596
1 34
2 84629
1 11
2 84639
1 64
2 84702
1 160
2 84861
1 57
2 84917
1 19
2 84935
1 103
2 85037
1 132
2 85168
1 99
2 85266
1 4
2 85269
1 24
2 85292
1 91
2 85382
1 83
2 85464
1 158
2 85621
1 406
2 86026
1 32
2 86057
1 88
2 86144
1 28
2 86171
1 107
2 86277
1 7
2 86283
1 202
2 86484
1 128
2 86611
1 101
2 86711
1 227
2 86937
1 48
2 86984
1 88
2 87071
1 288
2 87358
1 116
2 87473
1 84
2 87556
1 375
2 87930
1 50
2 87979
1 11
2 87989
1 32
2 88020
1 337
2 88356
1 38
2 88393
1 325
2 88717
1 80
2 88796
1 146
2 88941
1 138
2 89078
1 223
2 89300
1 12
2 89311
1 247
2 89557
1 21
2 89577
1 275
2 89851
1 160
2 90010
1 135
2 90144
1 16
2 90159
1 39
2 90197
1 245
2 90441
1 147
2 90587
1 176
2 90762
1 80
2 90841
1 197
2 91037
1 115
2 91151
1 55
2 91205
1 244
2 91448
1 221
2 91668
1 180
2 91847
1 214
2 92060
1 6
2 92065
1 214
2 92278
1 176
2 92453
1 98
2 92550
1 160
2 92709
1 168
2 92876
1 63
2 92938
1 21
2 92958
1 80
2 93037
1 19
2 93055
1 101
2 93155
1 83
2 93237
1 40
2 93276
1 7
2 93282
1 340
2 93621
1 90
2 93710
1 22
2 93731
1 52
2 93782
1 336
2 94117
1 65
2 94181
1 135
2 94315
1 165
2 94479
1 29
2 94507
1 152
2 94658
1 34
2 94691
1 95
2 94785
1 139
2 94923
1 240
2 95162
1 8
2 95169
1 98
2 95266
1 10
2 95275
1 27
2 95301
1 17
2 95317
1 80
2 95396
1 118
2 95513
1 76
2 95588
1 42
2 95629
1 4
2 95632
1 65
2 95696
1 71
2 95766
1 104
2 95869
1 361
2 96229
1 191
2 96419
1 194
2 96612
1 64
2 96675
1 206
2 96880
1 22
2 96901
1 24
2 96924
1 174
2 97097
1 155
2 97251
1 47
2 97297
1 226
2 97522
1 4
2 97525
1 113
2 97637
1 3
2 97639
1 32
2 97670
1 63
2 97732
1 25
2 97756
1 56
2 97811
1 196
2 98006
1 17
2 98022
1 131
2 98152
1 70
2 98221
1 77
2 98297
1 9
2 98305
1 16
2 98320
1 17
2 98336
1 52
2 98387
1 61
2 98447
1 146
2 98592
1 149
2 98740
1 1
2 98740
1 171
2 98910
1 179
2 99088
1 84
2 99171
1 80
2 99250
1 2
2 99251
1 78
2 99328
1 40
2 99367
1 31
2 99397
1 133
2 99529
1 61
2 99589
1 46
2 99634
1 105
2 99738
1 98
2 99835
1 54
2 99888
1 32
2 1000000
